# JRE version: OpenJDK Runtime Environment (8.0_242-b01) (build 1.8.0_242-release-1644-b01)
# Java VM: OpenJDK 64-Bit Server VM (25.242-b01 mixed mode windows-amd64 compressed oops)
Heap:
 PSYoungGen      total 140800K, used 101029K [0x00000000d5580000, 0x00000000e6880000, 0x0000000100000000)
  eden space 130048K, 77% used [0x00000000d5580000,0x00000000db829640,0x00000000dd480000)
  from space 10752K, 0% used [0x00000000dd480000,0x00000000dd480000,0x00000000ddf00000)
  to   space 10752K, 0% used [0x00000000e5e00000,0x00000000e5e00000,0x00000000e6880000)
 ParOldGen       total 96256K, used 12267K [0x0000000080000000, 0x0000000085e00000, 0x00000000d5580000)
  object space 96256K, 12% used [0x0000000080000000,0x0000000080bfafd0,0x0000000085e00000)
 Metaspace       used 30990K, capacity 31804K, committed 32176K, reserved 1077248K
  class space    used 4212K, capacity 4435K, committed 4528K, reserved 1048576K
GC Heap History (8 events):
Event: 0.777 GC heap before
{Heap before GC invocations=1 (full 0):
 PSYoungGen      total 75776K, used 65024K [0x00000000d5580000, 0x00000000daa00000, 0x0000000100000000)
  eden space 65024K, 100% used [0x00000000d5580000,0x00000000d9500000,0x00000000d9500000)
  from space 10752K, 0% used [0x00000000d9f80000,0x00000000d9f80000,0x00000000daa00000)
  to   space 10752K, 0% used [0x00000000d9500000,0x00000000d9500000,0x00000000d9f80000)
 ParOldGen       total 173568K, used 0K [0x0000000080000000, 0x000000008a980000, 0x00000000d5580000)
  object space 173568K, 0% used [0x0000000080000000,0x0000000080000000,0x000000008a980000)
 Metaspace       used 7804K, capacity 8032K, committed 8320K, reserved 1056768K
  class space    used 945K, capacity 1036K, committed 1152K, reserved 1048576K
Event: 0.913 GC heap after
Heap after GC invocations=1 (full 0):
 PSYoungGen      total 75776K, used 6044K [0x00000000d5580000, 0x00000000de980000, 0x0000000100000000)
  eden space 65024K, 0% used [0x00000000d5580000,0x00000000d5580000,0x00000000d9500000)
  from space 10752K, 56% used [0x00000000d9500000,0x00000000d9ae7080,0x00000000d9f80000)
  to   space 10752K, 0% used [0x00000000ddf00000,0x00000000ddf00000,0x00000000de980000)
 ParOldGen       total 173568K, used 35K [0x0000000080000000, 0x000000008a980000, 0x00000000d5580000)
  object space 173568K, 0% used [0x0000000080000000,0x0000000080008c30,0x000000008a980000)
 Metaspace       used 7804K, capacity 8032K, committed 8320K, reserved 1056768K
  class space    used 945K, capacity 1036K, committed 1152K, reserved 1048576K
}
Event: 2.177 GC heap before
{Heap before GC invocations=2 (full 0):
 PSYoungGen      total 75776K, used 71068K [0x00000000d5580000, 0x00000000de980000, 0x0000000100000000)
  eden space 65024K, 100% used [0x00000000d5580000,0x00000000d9500000,0x00000000d9500000)
  from space 10752K, 56% used [0x00000000d9500000,0x00000000d9ae7080,0x00000000d9f80000)
  to   space 10752K, 0% used [0x00000000ddf00000,0x00000000ddf00000,0x00000000de980000)
 ParOldGen       total 173568K, used 35K [0x0000000080000000, 0x000000008a980000, 0x00000000d5580000)
  object space 173568K, 0% used [0x0000000080000000,0x0000000080008c30,0x000000008a980000)
 Metaspace       used 14784K, capacity 15250K, committed 15488K, reserved 1062912K
  class space    used 1945K, capacity 2093K, committed 2176K, reserved 1048576K
Event: 2.187 GC heap after
Heap after GC invocations=2 (full 0):
 PSYoungGen      total 140800K, used 9397K [0x00000000d5580000, 0x00000000de980000, 0x0000000100000000)
  eden space 130048K, 0% used [0x00000000d5580000,0x00000000d5580000,0x00000000dd480000)
  from space 10752K, 87% used [0x00000000ddf00000,0x00000000de82d6a8,0x00000000de980000)
  to   space 10752K, 0% used [0x00000000dd480000,0x00000000dd480000,0x00000000ddf00000)
 ParOldGen       total 173568K, used 43K [0x0000000080000000, 0x000000008a980000, 0x00000000d5580000)
  object space 173568K, 0% used [0x0000000080000000,0x000000008000ac30,0x000000008a980000)
 Metaspace       used 14784K, capacity 15250K, committed 15488K, reserved 1062912K
  class space    used 1945K, capacity 2093K, committed 2176K, reserved 1048576K
}
Event: 3.154 GC heap before
{Heap before GC invocations=3 (full 0):
 PSYoungGen      total 140800K, used 83749K [0x00000000d5580000, 0x00000000de980000, 0x0000000100000000)
  eden space 130048K, 57% used [0x00000000d5580000,0x00000000d9e1bea8,0x00000000dd480000)
  from space 10752K, 87% used [0x00000000ddf00000,0x00000000de82d6a8,0x00000000de980000)
  to   space 10752K, 0% used [0x00000000dd480000,0x00000000dd480000,0x00000000ddf00000)
 ParOldGen       total 173568K, used 43K [0x0000000080000000, 0x000000008a980000, 0x00000000d5580000)
  object space 173568K, 0% used [0x0000000080000000,0x000000008000ac30,0x000000008a980000)
 Metaspace       used 20600K, capacity 21240K, committed 21296K, reserved 1067008K
  class space    used 2878K, capacity 3088K, committed 3120K, reserved 1048576K
Event: 3.162 GC heap after
Heap after GC invocations=3 (full 0):
 PSYoungGen      total 140800K, used 10738K [0x00000000d5580000, 0x00000000e6880000, 0x0000000100000000)
  eden space 130048K, 0% used [0x00000000d5580000,0x00000000d5580000,0x00000000dd480000)
  from space 10752K, 99% used [0x00000000dd480000,0x00000000ddefcae0,0x00000000ddf00000)
  to   space 10752K, 0% used [0x00000000e5e00000,0x00000000e5e00000,0x00000000e6880000)
 ParOldGen       total 173568K, used 2096K [0x0000000080000000, 0x000000008a980000, 0x00000000d5580000)
  object space 173568K, 1% used [0x0000000080000000,0x000000008020c0a8,0x000000008a980000)
 Metaspace       used 20600K, capacity 21240K, committed 21296K, reserved 1067008K
  class space    used 2878K, capacity 3088K, committed 3120K, reserved 1048576K
}
Event: 3.162 GC heap before
{Heap before GC invocations=4 (full 1):
 PSYoungGen      total 140800K, used 10738K [0x00000000d5580000, 0x00000000e6880000, 0x0000000100000000)
  eden space 130048K, 0% used [0x00000000d5580000,0x00000000d5580000,0x00000000dd480000)
  from space 10752K, 99% used [0x00000000dd480000,0x00000000ddefcae0,0x00000000ddf00000)
  to   space 10752K, 0% used [0x00000000e5e00000,0x00000000e5e00000,0x00000000e6880000)
 ParOldGen       total 173568K, used 2096K [0x0000000080000000, 0x000000008a980000, 0x00000000d5580000)
  object space 173568K, 1% used [0x0000000080000000,0x000000008020c0a8,0x000000008a980000)
 Metaspace       used 20600K, capacity 21240K, committed 21296K, reserved 1067008K
  class space    used 2878K, capacity 3088K, committed 3120K, reserved 1048576K
Event: 3.189 GC heap after
Heap after GC invocations=4 (full 1):
 PSYoungGen      total 140800K, used 0K [0x00000000d5580000, 0x00000000e6880000, 0x0000000100000000)
  eden space 130048K, 0% used [0x00000000d5580000,0x00000000d5580000,0x00000000dd480000)
  from space 10752K, 0% used [0x00000000dd480000,0x00000000dd480000,0x00000000ddf00000)
  to   space 10752K, 0% used [0x00000000e5e00000,0x00000000e5e00000,0x00000000e6880000)
 ParOldGen       total 96256K, used 12267K [0x0000000080000000, 0x0000000085e00000, 0x00000000d5580000)
  object space 96256K, 12% used [0x0000000080000000,0x0000000080bfafd0,0x0000000085e00000)
 Metaspace       used 20600K, capacity 21240K, committed 21296K, reserved 1067008K
  class space    used 2878K, capacity 3088K, committed 3120K, reserved 1048576K
}

