# JRE version: OpenJDK Runtime Environment (8.0_242-b01) (build 1.8.0_242-release-1644-b01)
# Java VM: OpenJDK 64-Bit Server VM (25.242-b01 mixed mode windows-amd64 compressed oops)
Heap:
 PSYoungGen      total 178176K, used 112538K [0x00000000d5580000, 0x00000000e2980000, 0x0000000100000000)
  eden space 166400K, 60% used [0x00000000d5580000,0x00000000db7ebf38,0x00000000df800000)
  from space 11776K, 99% used [0x00000000e1e00000,0x00000000e297aa70,0x00000000e2980000)
  to   space 13824K, 0% used [0x00000000e0e80000,0x00000000e0e80000,0x00000000e1c00000)
 ParOldGen       total 133120K, used 17464K [0x0000000080000000, 0x0000000088200000, 0x00000000d5580000)
  object space 133120K, 13% used [0x0000000080000000,0x000000008110e3c0,0x0000000088200000)
 Metaspace       used 52760K, capacity 54770K, committed 55080K, reserved 1097728K
  class space    used 7176K, capacity 7624K, committed 7728K, reserved 1048576K
GC Heap History (10 events):
Event: 2.862 GC heap before
{Heap before GC invocations=6 (full 1):
 PSYoungGen      total 75776K, used 65024K [0x00000000d5580000, 0x00000000de980000, 0x0000000100000000)
  eden space 65024K, 100% used [0x00000000d5580000,0x00000000d9500000,0x00000000d9500000)
  from space 10752K, 0% used [0x00000000d9f80000,0x00000000d9f80000,0x00000000daa00000)
  to   space 10752K, 0% used [0x00000000d9500000,0x00000000d9500000,0x00000000d9f80000)
 ParOldGen       total 88576K, used 7461K [0x0000000080000000, 0x0000000085680000, 0x00000000d5580000)
  object space 88576K, 8% used [0x0000000080000000,0x0000000080749570,0x0000000085680000)
 Metaspace       used 28234K, capacity 28992K, committed 29232K, reserved 1075200K
  class space    used 3895K, capacity 4131K, committed 4144K, reserved 1048576K
Event: 2.865 GC heap after
Heap after GC invocations=6 (full 1):
 PSYoungGen      total 75776K, used 8183K [0x00000000d5580000, 0x00000000dde00000, 0x0000000100000000)
  eden space 65024K, 0% used [0x00000000d5580000,0x00000000d5580000,0x00000000d9500000)
  from space 10752K, 76% used [0x00000000d9500000,0x00000000d9cfdec8,0x00000000d9f80000)
  to   space 12800K, 0% used [0x00000000dd180000,0x00000000dd180000,0x00000000dde00000)
 ParOldGen       total 88576K, used 7469K [0x0000000080000000, 0x0000000085680000, 0x00000000d5580000)
  object space 88576K, 8% used [0x0000000080000000,0x000000008074b570,0x0000000085680000)
 Metaspace       used 28234K, capacity 28992K, committed 29232K, reserved 1075200K
  class space    used 3895K, capacity 4131K, committed 4144K, reserved 1048576K
}
Event: 3.268 GC heap before
{Heap before GC invocations=7 (full 1):
 PSYoungGen      total 75776K, used 73207K [0x00000000d5580000, 0x00000000dde00000, 0x0000000100000000)
  eden space 65024K, 100% used [0x00000000d5580000,0x00000000d9500000,0x00000000d9500000)
  from space 10752K, 76% used [0x00000000d9500000,0x00000000d9cfdec8,0x00000000d9f80000)
  to   space 12800K, 0% used [0x00000000dd180000,0x00000000dd180000,0x00000000dde00000)
 ParOldGen       total 88576K, used 7469K [0x0000000080000000, 0x0000000085680000, 0x00000000d5580000)
  object space 88576K, 8% used [0x0000000080000000,0x000000008074b570,0x0000000085680000)
 Metaspace       used 32277K, capacity 33060K, committed 33328K, reserved 1077248K
  class space    used 4401K, capacity 4613K, committed 4656K, reserved 1048576K
Event: 3.275 GC heap after
Heap after GC invocations=7 (full 1):
 PSYoungGen      total 122880K, used 8697K [0x00000000d5580000, 0x00000000ddb80000, 0x0000000100000000)
  eden space 112640K, 0% used [0x00000000d5580000,0x00000000d5580000,0x00000000dc380000)
  from space 10240K, 84% used [0x00000000dd180000,0x00000000dd9fe7d8,0x00000000ddb80000)
  to   space 12288K, 0% used [0x00000000dc380000,0x00000000dc380000,0x00000000dcf80000)
 ParOldGen       total 88576K, used 7477K [0x0000000080000000, 0x0000000085680000, 0x00000000d5580000)
  object space 88576K, 8% used [0x0000000080000000,0x000000008074d570,0x0000000085680000)
 Metaspace       used 32277K, capacity 33060K, committed 33328K, reserved 1077248K
  class space    used 4401K, capacity 4613K, committed 4656K, reserved 1048576K
}
Event: 3.577 GC heap before
{Heap before GC invocations=8 (full 1):
 PSYoungGen      total 122880K, used 57363K [0x00000000d5580000, 0x00000000ddb80000, 0x0000000100000000)
  eden space 112640K, 43% used [0x00000000d5580000,0x00000000d8506700,0x00000000dc380000)
  from space 10240K, 84% used [0x00000000dd180000,0x00000000dd9fe7d8,0x00000000ddb80000)
  to   space 12288K, 0% used [0x00000000dc380000,0x00000000dc380000,0x00000000dcf80000)
 ParOldGen       total 88576K, used 7477K [0x0000000080000000, 0x0000000085680000, 0x00000000d5580000)
  object space 88576K, 8% used [0x0000000080000000,0x000000008074d570,0x0000000085680000)
 Metaspace       used 34543K, capacity 35438K, committed 35496K, reserved 1079296K
  class space    used 4737K, capacity 5006K, committed 5040K, reserved 1048576K
Event: 3.582 GC heap after
Heap after GC invocations=8 (full 1):
 PSYoungGen      total 124928K, used 8758K [0x00000000d5580000, 0x00000000e2980000, 0x0000000100000000)
  eden space 112640K, 0% used [0x00000000d5580000,0x00000000d5580000,0x00000000dc380000)
  from space 12288K, 71% used [0x00000000dc380000,0x00000000dcc0dae0,0x00000000dcf80000)
  to   space 11776K, 0% used [0x00000000e1e00000,0x00000000e1e00000,0x00000000e2980000)
 ParOldGen       total 88576K, used 7485K [0x0000000080000000, 0x0000000085680000, 0x00000000d5580000)
  object space 88576K, 8% used [0x0000000080000000,0x000000008074f570,0x0000000085680000)
 Metaspace       used 34543K, capacity 35438K, committed 35496K, reserved 1079296K
  class space    used 4737K, capacity 5006K, committed 5040K, reserved 1048576K
}
Event: 3.582 GC heap before
{Heap before GC invocations=9 (full 2):
 PSYoungGen      total 124928K, used 8758K [0x00000000d5580000, 0x00000000e2980000, 0x0000000100000000)
  eden space 112640K, 0% used [0x00000000d5580000,0x00000000d5580000,0x00000000dc380000)
  from space 12288K, 71% used [0x00000000dc380000,0x00000000dcc0dae0,0x00000000dcf80000)
  to   space 11776K, 0% used [0x00000000e1e00000,0x00000000e1e00000,0x00000000e2980000)
 ParOldGen       total 88576K, used 7485K [0x0000000080000000, 0x0000000085680000, 0x00000000d5580000)
  object space 88576K, 8% used [0x0000000080000000,0x000000008074f570,0x0000000085680000)
 Metaspace       used 34543K, capacity 35438K, committed 35496K, reserved 1079296K
  class space    used 4737K, capacity 5006K, committed 5040K, reserved 1048576K
Event: 3.616 GC heap after
Heap after GC invocations=9 (full 2):
 PSYoungGen      total 124928K, used 0K [0x00000000d5580000, 0x00000000e2980000, 0x0000000100000000)
  eden space 112640K, 0% used [0x00000000d5580000,0x00000000d5580000,0x00000000dc380000)
  from space 12288K, 0% used [0x00000000dc380000,0x00000000dc380000,0x00000000dcf80000)
  to   space 11776K, 0% used [0x00000000e1e00000,0x00000000e1e00000,0x00000000e2980000)
 ParOldGen       total 133120K, used 15515K [0x0000000080000000, 0x0000000088200000, 0x00000000d5580000)
  object space 133120K, 11% used [0x0000000080000000,0x0000000080f26d68,0x0000000088200000)
 Metaspace       used 34543K, capacity 35438K, committed 35496K, reserved 1079296K
  class space    used 4737K, capacity 5006K, committed 5040K, reserved 1048576K
}
Event: 7.039 GC heap before
{Heap before GC invocations=10 (full 2):
 PSYoungGen      total 124928K, used 112640K [0x00000000d5580000, 0x00000000e2980000, 0x0000000100000000)
  eden space 112640K, 100% used [0x00000000d5580000,0x00000000dc380000,0x00000000dc380000)
  from space 12288K, 0% used [0x00000000dc380000,0x00000000dc380000,0x00000000dcf80000)
  to   space 11776K, 0% used [0x00000000e1e00000,0x00000000e1e00000,0x00000000e2980000)
 ParOldGen       total 133120K, used 15515K [0x0000000080000000, 0x0000000088200000, 0x00000000d5580000)
  object space 133120K, 11% used [0x0000000080000000,0x0000000080f26d68,0x0000000088200000)
 Metaspace       used 44649K, capacity 46260K, committed 46376K, reserved 1089536K
  class space    used 6056K, capacity 6432K, committed 6448K, reserved 1048576K
Event: 7.047 GC heap after
Heap after GC invocations=10 (full 2):
 PSYoungGen      total 178176K, used 11754K [0x00000000d5580000, 0x00000000e2980000, 0x0000000100000000)
  eden space 166400K, 0% used [0x00000000d5580000,0x00000000d5580000,0x00000000df800000)
  from space 11776K, 99% used [0x00000000e1e00000,0x00000000e297aa70,0x00000000e2980000)
  to   space 13824K, 0% used [0x00000000e0e80000,0x00000000e0e80000,0x00000000e1c00000)
 ParOldGen       total 133120K, used 17464K [0x0000000080000000, 0x0000000088200000, 0x00000000d5580000)
  object space 133120K, 13% used [0x0000000080000000,0x000000008110e3c0,0x0000000088200000)
 Metaspace       used 44649K, capacity 46260K, committed 46376K, reserved 1089536K
  class space    used 6056K, capacity 6432K, committed 6448K, reserved 1048576K
}

